# JRE version: OpenJDK Runtime Environment (8.0_152-b01) (build 1.8.0_152-release-915-b01)
# Java VM: OpenJDK 64-Bit Server VM (25.152-b01 mixed mode windows-amd64 compressed oops)
Heap:
 PSYoungGen      total 150528K, used 112546K [0x00000000e0000000, 0x00000000ec680000, 0x0000000100000000)
  eden space 132096K, 73% used [0x00000000e0000000,0x00000000e5e435a8,0x00000000e8100000)
  from space 18432K, 86% used [0x00000000e8100000,0x00000000e90a5610,0x00000000e9300000)
  to   space 20480K, 0% used [0x00000000eb280000,0x00000000eb280000,0x00000000ec680000)
 ParOldGen       total 137216K, used 35494K [0x00000000a0000000, 0x00000000a8600000, 0x00000000e0000000)
  object space 137216K, 25% used [0x00000000a0000000,0x00000000a22a9a40,0x00000000a8600000)
 Metaspace       used 63357K, capacity 65698K, committed 65752K, reserved 1105920K
  class space    used 8585K, capacity 9175K, committed 9216K, reserved 1048576K
GC Heap History (10 events):
Event: 122.797 GC heap before
{Heap before GC invocations=12 (full 2):
 PSYoungGen      total 102400K, used 91136K [0x00000000e0000000, 0x00000000e9480000, 0x0000000100000000)
  eden space 91136K, 100% used [0x00000000e0000000,0x00000000e5900000,0x00000000e5900000)
  from space 11264K, 0% used [0x00000000e5900000,0x00000000e5900000,0x00000000e6400000)
  to   space 11264K, 0% used [0x00000000e8980000,0x00000000e8980000,0x00000000e9480000)
 ParOldGen       total 89600K, used 16859K [0x00000000a0000000, 0x00000000a5780000, 0x00000000e0000000)
  object space 89600K, 18% used [0x00000000a0000000,0x00000000a1076e48,0x00000000a5780000)
 Metaspace       used 43519K, capacity 44416K, committed 44760K, reserved 1087488K
  class space    used 5748K, capacity 6087K, committed 6144K, reserved 1048576K
Event: 122.826 GC heap after
Heap after GC invocations=12 (full 2):
 PSYoungGen      total 121856K, used 9342K [0x00000000e0000000, 0x00000000e9300000, 0x0000000100000000)
  eden space 112128K, 0% used [0x00000000e0000000,0x00000000e0000000,0x00000000e6d80000)
  from space 9728K, 96% used [0x00000000e8980000,0x00000000e929f9f0,0x00000000e9300000)
  to   space 11776K, 0% used [0x00000000e7c00000,0x00000000e7c00000,0x00000000e8780000)
 ParOldGen       total 89600K, used 16867K [0x00000000a0000000, 0x00000000a5780000, 0x00000000e0000000)
  object space 89600K, 18% used [0x00000000a0000000,0x00000000a1078e48,0x00000000a5780000)
 Metaspace       used 43519K, capacity 44416K, committed 44760K, reserved 1087488K
  class space    used 5748K, capacity 6087K, committed 6144K, reserved 1048576K
}
Event: 127.680 GC heap before
{Heap before GC invocations=13 (full 2):
 PSYoungGen      total 121856K, used 121470K [0x00000000e0000000, 0x00000000e9300000, 0x0000000100000000)
  eden space 112128K, 100% used [0x00000000e0000000,0x00000000e6d80000,0x00000000e6d80000)
  from space 9728K, 96% used [0x00000000e8980000,0x00000000e929f9f0,0x00000000e9300000)
  to   space 11776K, 0% used [0x00000000e7c00000,0x00000000e7c00000,0x00000000e8780000)
 ParOldGen       total 89600K, used 16867K [0x00000000a0000000, 0x00000000a5780000, 0x00000000e0000000)
  object space 89600K, 18% used [0x00000000a0000000,0x00000000a1078e48,0x00000000a5780000)
 Metaspace       used 50556K, capacity 51782K, committed 51928K, reserved 1093632K
  class space    used 6661K, capacity 7043K, committed 7168K, reserved 1048576K
Event: 127.709 GC heap after
Heap after GC invocations=13 (full 2):
 PSYoungGen      total 138752K, used 11748K [0x00000000e0000000, 0x00000000ea100000, 0x0000000100000000)
  eden space 126976K, 0% used [0x00000000e0000000,0x00000000e0000000,0x00000000e7c00000)
  from space 11776K, 99% used [0x00000000e7c00000,0x00000000e8779290,0x00000000e8780000)
  to   space 14336K, 0% used [0x00000000e9300000,0x00000000e9300000,0x00000000ea100000)
 ParOldGen       total 89600K, used 20234K [0x00000000a0000000, 0x00000000a5780000, 0x00000000e0000000)
  object space 89600K, 22% used [0x00000000a0000000,0x00000000a13c2810,0x00000000a5780000)
 Metaspace       used 50556K, capacity 51782K, committed 51928K, reserved 1093632K
  class space    used 6661K, capacity 7043K, committed 7168K, reserved 1048576K
}
Event: 130.763 GC heap before
{Heap before GC invocations=14 (full 2):
 PSYoungGen      total 138752K, used 109126K [0x00000000e0000000, 0x00000000ea100000, 0x0000000100000000)
  eden space 126976K, 76% used [0x00000000e0000000,0x00000000e5f18570,0x00000000e7c00000)
  from space 11776K, 99% used [0x00000000e7c00000,0x00000000e8779290,0x00000000e8780000)
  to   space 14336K, 0% used [0x00000000e9300000,0x00000000e9300000,0x00000000ea100000)
 ParOldGen       total 89600K, used 20234K [0x00000000a0000000, 0x00000000a5780000, 0x00000000e0000000)
  object space 89600K, 22% used [0x00000000a0000000,0x00000000a13c2810,0x00000000a5780000)
 Metaspace       used 57014K, capacity 58896K, committed 59028K, reserved 1099776K
  class space    used 7667K, capacity 8129K, committed 8192K, reserved 1048576K
Event: 130.803 GC heap after
Heap after GC invocations=14 (full 2):
 PSYoungGen      total 146432K, used 14312K [0x00000000e0000000, 0x00000000ebc80000, 0x0000000100000000)
  eden space 132096K, 0% used [0x00000000e0000000,0x00000000e0000000,0x00000000e8100000)
  from space 14336K, 99% used [0x00000000e9300000,0x00000000ea0fa020,0x00000000ea100000)
  to   space 18432K, 0% used [0x00000000e8100000,0x00000000e8100000,0x00000000e9300000)
 ParOldGen       total 89600K, used 27299K [0x00000000a0000000, 0x00000000a5780000, 0x00000000e0000000)
  object space 89600K, 30% used [0x00000000a0000000,0x00000000a1aa8d20,0x00000000a5780000)
 Metaspace       used 57014K, capacity 58896K, committed 59028K, reserved 1099776K
  class space    used 7667K, capacity 8129K, committed 8192K, reserved 1048576K
}
Event: 130.803 GC heap before
{Heap before GC invocations=15 (full 3):
 PSYoungGen      total 146432K, used 14312K [0x00000000e0000000, 0x00000000ebc80000, 0x0000000100000000)
  eden space 132096K, 0% used [0x00000000e0000000,0x00000000e0000000,0x00000000e8100000)
  from space 14336K, 99% used [0x00000000e9300000,0x00000000ea0fa020,0x00000000ea100000)
  to   space 18432K, 0% used [0x00000000e8100000,0x00000000e8100000,0x00000000e9300000)
 ParOldGen       total 89600K, used 27299K [0x00000000a0000000, 0x00000000a5780000, 0x00000000e0000000)
  object space 89600K, 30% used [0x00000000a0000000,0x00000000a1aa8d20,0x00000000a5780000)
 Metaspace       used 57014K, capacity 58896K, committed 59028K, reserved 1099776K
  class space    used 7667K, capacity 8129K, committed 8192K, reserved 1048576K
Event: 131.328 GC heap after
Heap after GC invocations=15 (full 3):
 PSYoungGen      total 146432K, used 0K [0x00000000e0000000, 0x00000000ebc80000, 0x0000000100000000)
  eden space 132096K, 0% used [0x00000000e0000000,0x00000000e0000000,0x00000000e8100000)
  from space 14336K, 0% used [0x00000000e9300000,0x00000000e9300000,0x00000000ea100000)
  to   space 18432K, 0% used [0x00000000e8100000,0x00000000e8100000,0x00000000e9300000)
 ParOldGen       total 137216K, used 35486K [0x00000000a0000000, 0x00000000a8600000, 0x00000000e0000000)
  object space 137216K, 25% used [0x00000000a0000000,0x00000000a22a7a40,0x00000000a8600000)
 Metaspace       used 56990K, capacity 58808K, committed 59028K, reserved 1099776K
  class space    used 7660K, capacity 8121K, committed 8192K, reserved 1048576K
}
Event: 135.384 GC heap before
{Heap before GC invocations=16 (full 3):
 PSYoungGen      total 146432K, used 132096K [0x00000000e0000000, 0x00000000ebc80000, 0x0000000100000000)
  eden space 132096K, 100% used [0x00000000e0000000,0x00000000e8100000,0x00000000e8100000)
  from space 14336K, 0% used [0x00000000e9300000,0x00000000e9300000,0x00000000ea100000)
  to   space 18432K, 0% used [0x00000000e8100000,0x00000000e8100000,0x00000000e9300000)
 ParOldGen       total 137216K, used 35486K [0x00000000a0000000, 0x00000000a8600000, 0x00000000e0000000)
  object space 137216K, 25% used [0x00000000a0000000,0x00000000a22a7a40,0x00000000a8600000)
 Metaspace       used 58939K, capacity 61098K, committed 61272K, reserved 1101824K
  class space    used 7995K, capacity 8562K, committed 8576K, reserved 1048576K
Event: 135.452 GC heap after
Heap after GC invocations=16 (full 3):
 PSYoungGen      total 150528K, used 16021K [0x00000000e0000000, 0x00000000ec680000, 0x0000000100000000)
  eden space 132096K, 0% used [0x00000000e0000000,0x00000000e0000000,0x00000000e8100000)
  from space 18432K, 86% used [0x00000000e8100000,0x00000000e90a5610,0x00000000e9300000)
  to   space 20480K, 0% used [0x00000000eb280000,0x00000000eb280000,0x00000000ec680000)
 ParOldGen       total 137216K, used 35494K [0x00000000a0000000, 0x00000000a8600000, 0x00000000e0000000)
  object space 137216K, 25% used [0x00000000a0000000,0x00000000a22a9a40,0x00000000a8600000)
 Metaspace       used 58939K, capacity 61098K, committed 61272K, reserved 1101824K
  class space    used 7995K, capacity 8562K, committed 8576K, reserved 1048576K
}

